<?xml version="1.0" encoding="UTF-8"?>
<!-- Generated by org.testng.reporters.JUnitXMLReporter -->
<testsuite hostname="anilkumar06" name="Test1" tests="2" failures="0" timestamp="19 Sep 2019 06:48:55 GMT" time="232.048" errors="0">
  <testcase name="@BeforeTest setup" time="0.0" classname="TestPackage.googleTest">
    <failure type="org.openqa.selenium.SessionNotCreatedException" message="session not created: This version of ChromeDriver only supports Chrome version 77
Build info: version: &amp;apos;3.141.59&amp;apos;, revision: &amp;apos;e82be7d358&amp;apos;, time: &amp;apos;2018-11-14T08:17:03&amp;apos;
System info: host: &amp;apos;ANILKUMAR06&amp;apos;, ip: &amp;apos;192.168.158.35&amp;apos;, os.name: &amp;apos;Windows 10&amp;apos;, os.arch: &amp;apos;amd64&amp;apos;, os.version: &amp;apos;10.0&amp;apos;, java.version: &amp;apos;1.8.0_221&amp;apos;
Driver info: driver.version: ChromeDriver
remote stacktrace: Backtrace:
	Ordinal0 [0x0027EB13+1501971]
	Ordinal0 [0x001FF6D1+980689]
	Ordinal0 [0x0018765F+489055]
	Ordinal0 [0x0011F2F4+62196]
	Ordinal0 [0x0011BCDA+48346]
	Ordinal0 [0x00139800+169984]
	Ordinal0 [0x0013942D+169005]
	Ordinal0 [0x001378EB+162027]
	Ordinal0 [0x00120AC7+68295]
	Ordinal0 [0x00121B40+72512]
	Ordinal0 [0x00121AD9+72409]
	Ordinal0 [0x00218F37+1085239]
	GetHandleVerifier [0x0031D7ED+503293]
	GetHandleVerifier [0x0031D580+502672]
	GetHandleVerifier [0x003246AC+531644]
	GetHandleVerifier [0x0031DFFA+505354]
	Ordinal0 [0x00210606+1050118]
	Ordinal0 [0x0021047F+1049727]
	Ordinal0 [0x0021AF9B+1093531]
	Ordinal0 [0x0021B103+1093891]
	Ordinal0 [0x0021A095+1089685]
	BaseThreadInitThunk [0x77800419+25]
	RtlGetAppContainerNamedObjectPath [0x7793662D+237]
	RtlGetAppContainerNamedObjectPath [0x779365FD+189]
">
      <![CDATA[org.openqa.selenium.SessionNotCreatedException: session not created: This version of ChromeDriver only supports Chrome version 77
Build info: version: '3.141.59', revision: 'e82be7d358', time: '2018-11-14T08:17:03'
System info: host: 'ANILKUMAR06', ip: '192.168.158.35', os.name: 'Windows 10', os.arch: 'amd64', os.version: '10.0', java.version: '1.8.0_221'
Driver info: driver.version: ChromeDriver
remote stacktrace: Backtrace:
	Ordinal0 [0x0027EB13+1501971]
	Ordinal0 [0x001FF6D1+980689]
	Ordinal0 [0x0018765F+489055]
	Ordinal0 [0x0011F2F4+62196]
	Ordinal0 [0x0011BCDA+48346]
	Ordinal0 [0x00139800+169984]
	Ordinal0 [0x0013942D+169005]
	Ordinal0 [0x001378EB+162027]
	Ordinal0 [0x00120AC7+68295]
	Ordinal0 [0x00121B40+72512]
	Ordinal0 [0x00121AD9+72409]
	Ordinal0 [0x00218F37+1085239]
	GetHandleVerifier [0x0031D7ED+503293]
	GetHandleVerifier [0x0031D580+502672]
	GetHandleVerifier [0x003246AC+531644]
	GetHandleVerifier [0x0031DFFA+505354]
	Ordinal0 [0x00210606+1050118]
	Ordinal0 [0x0021047F+1049727]
	Ordinal0 [0x0021AF9B+1093531]
	Ordinal0 [0x0021B103+1093891]
	Ordinal0 [0x0021A095+1089685]
	BaseThreadInitThunk [0x77800419+25]
	RtlGetAppContainerNamedObjectPath [0x7793662D+237]
	RtlGetAppContainerNamedObjectPath [0x779365FD+189]

	at org.openqa.selenium.remote.W3CHandshakeResponse.lambda$errorHandler$0(W3CHandshakeResponse.java:62)
	at org.openqa.selenium.remote.HandshakeResponse.lambda$getResponseFunction$0(HandshakeResponse.java:30)
	at org.openqa.selenium.remote.ProtocolHandshake.lambda$createSession$0(ProtocolHandshake.java:126)
	at java.util.stream.ReferencePipeline$3$1.accept(ReferencePipeline.java:193)
	at java.util.Spliterators$ArraySpliterator.tryAdvance(Spliterators.java:958)
	at java.util.stream.ReferencePipeline.forEachWithCancel(ReferencePipeline.java:126)
	at java.util.stream.AbstractPipeline.copyIntoWithCancel(AbstractPipeline.java:499)
	at java.util.stream.AbstractPipeline.copyInto(AbstractPipeline.java:486)
	at java.util.stream.AbstractPipeline.wrapAndCopyInto(AbstractPipeline.java:472)
	at java.util.stream.FindOps$FindOp.evaluateSequential(FindOps.java:152)
	at java.util.stream.AbstractPipeline.evaluate(AbstractPipeline.java:234)
	at java.util.stream.ReferencePipeline.findFirst(ReferencePipeline.java:464)
	at org.openqa.selenium.remote.ProtocolHandshake.createSession(ProtocolHandshake.java:128)
	at org.openqa.selenium.remote.ProtocolHandshake.createSession(ProtocolHandshake.java:74)
	at org.openqa.selenium.remote.HttpCommandExecutor.execute(HttpCommandExecutor.java:136)
	at org.openqa.selenium.remote.service.DriverCommandExecutor.execute(DriverCommandExecutor.java:83)
	at org.openqa.selenium.remote.RemoteWebDriver.execute(RemoteWebDriver.java:552)
	at org.openqa.selenium.remote.RemoteWebDriver.startSession(RemoteWebDriver.java:213)
	at org.openqa.selenium.remote.RemoteWebDriver.<init>(RemoteWebDriver.java:131)
	at org.openqa.selenium.chrome.ChromeDriver.<init>(ChromeDriver.java:181)
	at org.openqa.selenium.chrome.ChromeDriver.<init>(ChromeDriver.java:168)
	at org.openqa.selenium.chrome.ChromeDriver.<init>(ChromeDriver.java:123)
	at basePack.testbase.launchbrowser(testbase.java:25)
	at TestPackage.googleTest.setup(googleTest.java:23)
... Removed 26 stack frames]]>
    </failure>
  </testcase> <!-- @BeforeTest setup -->
  <testcase name="@AfterTest tearDown" time="0.0" classname="TestPackage.googleTest">
    <skipped/>
  </testcase> <!-- @AfterTest tearDown -->
  <testcase name="googleSearchPage" time="0.0" classname="TestPackage.googleTest">
    <skipped/>
  </testcase> <!-- googleSearchPage -->
  <testcase name="nagarroSearchTest" time="0.001" classname="TestPackage.googleTest">
    <skipped/>
  </testcase> <!-- nagarroSearchTest -->
</testsuite> <!-- Test1 -->
